[debug] [2025-08-16T02:08:08.008Z] ----------------------------------------------------------------------
[debug] [2025-08-16T02:08:08.012Z] Command:       C:\Program Files\nodejs\node.exe C:\Users\Denmel\AppData\Roaming\npm\node_modules\firebase-tools\lib\bin\firebase.js init
[debug] [2025-08-16T02:08:08.013Z] CLI Version:   14.12.1
[debug] [2025-08-16T02:08:08.013Z] Platform:      win32
[debug] [2025-08-16T02:08:08.013Z] Node Version:  v22.15.0
[debug] [2025-08-16T02:08:08.013Z] Time:          Sat Aug 16 2025 10:08:08 GMT+0800 (Singapore Standard Time)
[debug] [2025-08-16T02:08:08.014Z] ----------------------------------------------------------------------
[debug] 
[debug] [2025-08-16T02:08:08.020Z] > command requires scopes: ["email","openid","https://www.googleapis.com/auth/cloudplatformprojects.readonly","https://www.googleapis.com/auth/firebase","https://www.googleapis.com/auth/cloud-platform"]
[debug] [2025-08-16T02:08:08.021Z] > authorizing via signed-in user (qdpssaavedra@tip.edu.ph)
[info] 
     ######## #### ########  ######## ########     ###     ######  ########
     ##        ##  ##     ## ##       ##     ##  ##   ##  ##       ##
     ######    ##  ########  ######   ########  #########  ######  ######
     ##        ##  ##    ##  ##       ##     ## ##     ##       ## ##
     ##       #### ##     ## ######## ########  ##     ##  ######  ########

You're about to initialize a Firebase project in this directory:

  I:\School Stuffs\UC Stuffs\DOST PROJECT FUNDING\Vehicular Traffic Accident Data\Landing Page

[info] 
=== Project Setup
[info] 
[info] First, let's associate this project directory with a Firebase project.
[info] You can create multiple project aliases by running firebase use --add, 
[info] but for now we'll just set up a default project.
[info] 
[info] i  If you want to create a project in a Google Cloud organization or folder, please use "firebase projects:create" instead, and return to this command when you've created the project. 
[debug] [2025-08-16T02:10:29.405Z] Checked if tokens are valid: true, expires at: 1755313666945
[debug] [2025-08-16T02:10:29.406Z] Checked if tokens are valid: true, expires at: 1755313666945
[debug] [2025-08-16T02:10:29.408Z] >>> [apiv2][query] POST https://firebase.googleapis.com/v1/projects:checkProjectId [none]
[debug] [2025-08-16T02:10:29.408Z] >>> [apiv2][body] POST https://firebase.googleapis.com/v1/projects:checkProjectId {"proposedId":"g4rs-baguio-traffic"}
[debug] [2025-08-16T02:10:30.060Z] <<< [apiv2][status] POST https://firebase.googleapis.com/v1/projects:checkProjectId 200
[debug] [2025-08-16T02:10:30.061Z] <<< [apiv2][body] POST https://firebase.googleapis.com/v1/projects:checkProjectId {"projectIdStatus":"PROJECT_ID_UNAVAILABLE","suggestedProjectId":"g4rs-baguio-traffic-645ac"}
